<?xml version="1.0" encoding="UTF-8"?>
<!-- Generated by org.testng.reporters.JUnitReportReporter -->
<testsuite hostname="DESKTOP-CHE9EGB" failures="0" tests="2" name="org.testng.ParameterExample" time="15.059" errors="0" timestamp="2022-08-11T18:16:21 IST" skipped="0">
  <testcase classname="org.testng.ParameterExample" name="test1" time="4.516"/>
  <system-out/>
  <testcase classname="org.testng.ParameterExample" name="test2" time="10.543"/>
  <system-out/>
</testsuite> <!-- org.testng.ParameterExample -->
