<?xml version="1.0" encoding="UTF-8"?>
<!-- Generated by org.testng.reporters.JUnitReportReporter -->
<testsuite hostname="DESKTOP-CHE9EGB" failures="0" tests="4" name="org.testng.DependsonGroup" time="0.070" errors="0" timestamp="2022-08-16T18:41:35 IST" skipped="0">
  <testcase classname="org.testng.DependsonGroup" name="test1" time="0.042"/>
  <system-out/>
  <testcase classname="org.testng.DependsonGroup" name="test4" time="0.007"/>
  <system-out/>
  <testcase classname="org.testng.DependsonGroup" name="test2" time="0.014"/>
  <system-out/>
  <testcase classname="org.testng.DependsonGroup" name="test3" time="0.007"/>
  <system-out/>
</testsuite> <!-- org.testng.DependsonGroup -->
