<?xml version="1.0" encoding="UTF-8"?>
<!-- Generated by org.testng.reporters.JUnitReportReporter -->
<testsuite hostname="DESKTOP-CHE9EGB" failures="0" tests="3" name="org.junit.Dependancies" time="0.061" errors="0" timestamp="2022-08-05T14:40:20 IST" skipped="0">
  <testcase classname="org.junit.Dependancies" name="higherSecschool" time="0.012"/>
  <system-out/>
  <testcase classname="org.junit.Dependancies" name="higherSchool" time="0.038"/>
  <system-out/>
  <testcase classname="org.junit.Dependancies" name="engineering" time="0.011"/>
  <system-out/>
</testsuite> <!-- org.junit.Dependancies -->
