<?xml version="1.0" encoding="UTF-8"?>
<!-- Generated by org.testng.reporters.JUnitReportReporter -->
<testsuite hostname="DESKTOP-CHE9EGB" failures="0" tests="2" name="org.testng.OrderofexecutiontestNG" time="0.068" errors="0" timestamp="2022-08-09T13:23:57 IST" skipped="0">
  <testcase classname="org.testng.OrderofexecutiontestNG" name="python" time="0.021"/>
  <system-out/>
  <testcase classname="org.testng.OrderofexecutiontestNG" name="appium" time="0.047"/>
  <system-out/>
</testsuite> <!-- org.testng.OrderofexecutiontestNG -->
