<?xml version="1.0" encoding="UTF-8"?>
<!-- Generated by org.testng.reporters.JUnitReportReporter -->
<testsuite hostname="DESKTOP-CHE9EGB" failures="0" tests="12" name="org.testng.PriorityExample" time="0.095" errors="0" timestamp="2022-08-12T15:23:24 IST" skipped="0">
  <testcase classname="org.testng.PriorityExample" name="beforeMethod" time="0.036"/>
  <system-out/>
  <testcase classname="org.testng.PriorityExample" name="python" time="0.004"/>
  <system-out/>
  <testcase classname="org.testng.PriorityExample" name="appium" time="0.006"/>
  <system-out/>
  <testcase classname="org.testng.PriorityExample" name="afterMethod" time="0.012"/>
  <system-out/>
  <testcase classname="org.testng.PriorityExample" name="afterClass" time="0.004"/>
  <system-out/>
  <testcase classname="org.testng.PriorityExample" name="beforeClass" time="0.005"/>
  <system-out/>
  <testcase classname="org.testng.PriorityExample" name="afterSuite" time="0.002"/>
  <system-out/>
  <testcase classname="org.testng.PriorityExample" name="afterSuite" time="0.004"/>
  <system-out/>
  <testcase classname="org.testng.PriorityExample" name="afterSuite" time="0.005"/>
  <system-out/>
  <testcase classname="org.testng.PriorityExample" name="afterSuite" time="0.010"/>
  <system-out/>
  <testcase classname="org.testng.PriorityExample" name="afterSuite" time="0.003"/>
  <system-out/>
  <testcase classname="org.testng.PriorityExample" name="beforeSuite" time="0.004"/>
  <system-out/>
</testsuite> <!-- org.testng.PriorityExample -->
