<?xml version="1.0" encoding="UTF-8"?>
<!-- Generated by org.testng.reporters.JUnitReportReporter -->
<testsuite hostname="DESKTOP-CHE9EGB" failures="0" tests="10" name="org.testng.AmazonDataprovider" time="571.188" errors="0" timestamp="2022-08-11T17:01:18 IST" skipped="0">
  <testcase classname="org.testng.AmazonDataprovider" name="test" time="57.915"/>
  <system-out/>
  <testcase classname="org.testng.AmazonDataprovider" name="test" time="138.741"/>
  <system-out/>
  <testcase classname="org.testng.AmazonDataprovider" name="test" time="108.914"/>
  <system-out/>
  <testcase classname="org.testng.AmazonDataprovider" name="test" time="24.153"/>
  <system-out/>
  <testcase classname="org.testng.AmazonDataprovider" name="test" time="22.478"/>
  <system-out/>
  <testcase classname="org.testng.AmazonDataprovider" name="test" time="45.409"/>
  <system-out/>
  <testcase classname="org.testng.AmazonDataprovider" name="test" time="23.544"/>
  <system-out/>
  <testcase classname="org.testng.AmazonDataprovider" name="test" time="20.602"/>
  <system-out/>
  <testcase classname="org.testng.AmazonDataprovider" name="test" time="111.156"/>
  <system-out/>
  <testcase classname="org.testng.AmazonDataprovider" name="test" time="18.276"/>
  <system-out/>
</testsuite> <!-- org.testng.AmazonDataprovider -->
