<?xml version="1.0" encoding="UTF-8"?>
<!-- Generated by org.testng.reporters.JUnitReportReporter -->
<testsuite hostname="DESKTOP-CHE9EGB" failures="0" tests="5" name="org.testng.GroupingExample" time="0.056" errors="0" timestamp="2022-08-13T14:20:57 IST" skipped="0">
  <testcase classname="org.testng.GroupingExample" name="test5" time="0.005"/>
  <system-out/>
  <testcase classname="org.testng.GroupingExample" name="test2" time="0.004"/>
  <system-out/>
  <testcase classname="org.testng.GroupingExample" name="test4" time="0.013"/>
  <system-out/>
  <testcase classname="org.testng.GroupingExample" name="test3" time="0.005"/>
  <system-out/>
  <testcase classname="org.testng.GroupingExample" name="test1" time="0.029"/>
  <system-out/>
</testsuite> <!-- org.testng.GroupingExample -->
