<?xml version="1.0" encoding="UTF-8"?>
<!-- Generated by org.testng.reporters.JUnitReportReporter -->
<testsuite hostname="DESKTOP-CHE9EGB" failures="0" tests="4" name="org.testng.AdactinDataProvider" time="42.697" errors="0" timestamp="2022-09-01T13:47:25 IST" skipped="0">
  <testcase classname="org.testng.AdactinDataProvider" name="test" time="8.919"/>
  <system-out/>
  <testcase classname="org.testng.AdactinDataProvider" name="test" time="8.064"/>
  <system-out/>
  <testcase classname="org.testng.AdactinDataProvider" name="test" time="10.096"/>
  <system-out/>
  <testcase classname="org.testng.AdactinDataProvider" name="test" time="15.618"/>
  <system-out/>
</testsuite> <!-- org.testng.AdactinDataProvider -->
