<?xml version="1.0" encoding="UTF-8"?>
<!-- Generated by org.testng.reporters.JUnitReportReporter -->
<testsuite hostname="DESKTOP-CHE9EGB" failures="0" tests="4" name="org.testng.DependsonGroup2" time="0.103" errors="0" timestamp="2022-08-16T18:41:35 IST" skipped="0">
  <testcase classname="org.testng.DependsonGroup2" name="test22" time="0.011"/>
  <system-out/>
  <testcase classname="org.testng.DependsonGroup2" name="test11" time="0.044"/>
  <system-out/>
  <testcase classname="org.testng.DependsonGroup2" name="test44" time="0.032"/>
  <system-out/>
  <testcase classname="org.testng.DependsonGroup2" name="test33" time="0.016"/>
  <system-out/>
</testsuite> <!-- org.testng.DependsonGroup2 -->
